<?xml version="1.0" encoding="UTF-8"?>
<!-- Generated by org.testng.reporters.JUnitReportReporter -->
<testsuite hostname="PAVILION-GAMING" failures="0" tests="1" name="StepDefinations.NewTest" time="0.024" errors="0" timestamp="2024-11-23T08:05:15 IST" skipped="0">
  <testcase classname="StepDefinations.NewTest" name="f" time="0.024"/>
  <system-out/>
</testsuite> <!-- StepDefinations.NewTest -->
